<?xml version="1.0" encoding="UTF-8"?>
<!-- Generated by org.testng.reporters.JUnitXMLReporter -->
<testsuite hostname="D1ML21558" ignored="0" name="Default test" tests="3" failures="0" timestamp="22 Jan 2019 07:34:23 GMT" time="36.756" errors="0">
  <testcase name="gmailLogin" time="18.402" classname="com.grid.setuptest.ParallelRunTest"/>
  <testcase name="gmailLogin" time="36.676" classname="com.grid.setuptest.ParallelRunTest"/>
  <testcase name="print" time="0.003" classname="com.grid.setuptest.ParallelRunTest"/>
</testsuite> <!-- Default test -->
